[debug] [2021-09-06T23:42:18.393Z] ----------------------------------------------------------------------
[debug] [2021-09-06T23:42:18.395Z] Command:       C:\Program Files\nodejs\node.exe C:\Users\diogo\AppData\Roaming\npm\node_modules\firebase-tools\lib\bin\firebase.js init
[debug] [2021-09-06T23:42:18.396Z] CLI Version:   9.17.0
[debug] [2021-09-06T23:42:18.396Z] Platform:      win32
[debug] [2021-09-06T23:42:18.396Z] Node Version:  v14.17.4
[debug] [2021-09-06T23:42:18.452Z] Time:          Tue Sep 07 2021 00:42:18 GMT+0100 (Hora de verão da Europa Ocidental)
[debug] [2021-09-06T23:42:18.452Z] ----------------------------------------------------------------------
[debug] 
[debug] [2021-09-06T23:42:18.464Z] >>> [apiv2][query] GET https://firebase-public.firebaseio.com/cli.json [none]
[debug] [2021-09-06T23:42:18.661Z] > command requires scopes: ["email","openid","https://www.googleapis.com/auth/cloudplatformprojects.readonly","https://www.googleapis.com/auth/firebase","https://www.googleapis.com/auth/cloud-platform"]
[debug] [2021-09-06T23:42:18.661Z] > authorizing via signed-in user (diogoreis496@gmail.com)
[info] 
     ######## #### ########  ######## ########     ###     ######  ########
     ##        ##  ##     ## ##       ##     ##  ##   ##  ##       ##
     ######    ##  ########  ######   ########  #########  ######  ######
     ##        ##  ##    ##  ##       ##     ## ##     ##       ## ##
     ##       #### ##     ## ######## ########  ##     ##  ######  ########

You're about to initialize a Firebase project in this directory:

  C:\Users\diogo\curriculum

[debug] [2021-09-06T23:42:19.876Z] <<< [apiv2][status] GET https://firebase-public.firebaseio.com/cli.json 200
[debug] [2021-09-06T23:42:19.877Z] <<< [apiv2][body] GET https://firebase-public.firebaseio.com/cli.json {"cloudBuildErrorAfter":1594252800000,"cloudBuildWarnAfter":1590019200000,"defaultNode10After":1594252800000,"minVersion":"3.0.5","node8DeploysDisabledAfter":1613390400000,"node8RuntimeDisabledAfter":1615809600000,"node8WarnAfter":1600128000000}
